<?xml version="1.0" encoding="UTF-8"?>
<testng-results skipped="0" failed="0" total="1" passed="1">
  <reporter-output>
  </reporter-output>
  <suite name="Default suite" duration-ms="4166" started-at="2020-04-26T16:10:04Z" finished-at="2020-04-26T16:10:09Z">
    <groups>
    </groups>
    <test name="Default test" duration-ms="4166" started-at="2020-04-26T16:10:04Z" finished-at="2020-04-26T16:10:09Z">
      <class name="com.rest.test.GetTest">
        <test-method status="PASS" signature="testgetresponse()[pri:0, instance:com.rest.test.GetTest@3f200884]" name="testgetresponse" duration-ms="4133" started-at="2020-04-26T09:10:05Z" finished-at="2020-04-26T09:10:09Z">
          <reporter-output>
          </reporter-output>
        </test-method> <!-- testgetresponse -->
      </class> <!-- com.rest.test.GetTest -->
    </test> <!-- Default test -->
  </suite> <!-- Default suite -->
</testng-results>
